<?xml version="1.0" encoding="UTF-8"?>
<!-- Generated by org.testng.reporters.JUnitXMLReporter -->
<testsuite ignored="0" hostname="Vivek" failures="0" tests="9" name="Surefire test" time="250.338" errors="0" timestamp="2023-06-20T12:35:14 IST">
  <testcase classname="vtiger.organisationtest.CreateOgrWithIndustryTest" name="createOrganisationWithIndustryTest" time="34.24"/>
  <testcase classname="vtiger.organisationtest.CreateOgrWithIndustryTest" name="createOrganisationWithIndustryTest" time="14.335"/>
  <testcase classname="vtiger.organisationtest.CreateOgrWithIndustryTest" name="createOrganisationWithIndustryTest" time="13.08"/>
  <testcase classname="vtiger.organisationtest.CreateOgrWithIndustryTest" name="createOrganisationWithIndustryTest" time="12.397"/>
  <testcase classname="vtiger.organisationtest.CreateOgrWithIndustryTest" name="createOrganisationWithIndustryTest" time="12.593"/>
  <testcase classname="vtiger.organisationtest.CreateOgrWithIndustryTest" name="createOrganisationWithIndustryTest" time="12.356"/>
  <testcase classname="vtiger.organisationtest.CreateOgrWithIndustryTest" name="createOrganisationWithIndustryTest" time="12.539"/>
  <testcase classname="vtiger.organisationtest.CreateOgrWithIndustryTest" name="createOrganisationWithIndustryTest" time="13.034"/>
  <testcase classname="vtiger.organisationtest.CreateOgrWithIndustryTest" name="createOrganisationWithIndustryTest" time="13.613"/>
</testsuite> <!-- Surefire test -->
