<?xml version="1.0" encoding="UTF-8"?>
<!-- Generated by org.testng.reporters.JUnitXMLReporter -->
<testsuite ignored="1" hostname="Vivek" failures="0" tests="1" name="Surefire test" time="15.457" errors="0" timestamp="2023-06-14T11:16:34 IST">
  <testcase classname="vtiger.organisationtest.DeleteOrganisationTest" name="deleteOrganisationTest" time="5.017"/>
  <testcase classname="vtiger.organisationtest.DeleteOrganisationTest" name="createOrganizationTest" time="0.0">
    <ignored/>
  </testcase> <!-- createOrganizationTest -->
</testsuite> <!-- Surefire test -->
