<?xml version="1.0" encoding="UTF-8"?>
<!-- Generated by org.testng.reporters.JUnitXMLReporter -->
<testsuite ignored="0" hostname="Vivek" failures="5" tests="5" name="Test" time="68.058" errors="0" timestamp="2023-06-07T00:15:04 IST">
  <testcase classname="vtiger.organisationtest.CreateOgrWithIndustryTest" name="createOrganisationWithIndustryTest" time="5.406">
    <failure type="java.lang.AssertionError" message="null">
      <![CDATA[java.lang.AssertionError: null
at vtiger.organisationtest.CreateOgrWithIndustryTest.createOrganisationWithIndustryTest(CreateOgrWithIndustryTest.java:42)
at java.base/java.util.ArrayList.forEach(ArrayList.java:1511)
... Removed 29 stack frames]]>
    </failure>
  </testcase> <!-- createOrganisationWithIndustryTest -->
  <testcase classname="vtiger.organisationtest.CreateOgrWithIndustryTest" name="createOrganisationWithIndustryTest" time="6.973">
    <failure type="java.lang.AssertionError" message="null">
      <![CDATA[java.lang.AssertionError: null
at vtiger.organisationtest.CreateOgrWithIndustryTest.createOrganisationWithIndustryTest(CreateOgrWithIndustryTest.java:42)
at java.base/java.util.ArrayList.forEach(ArrayList.java:1511)
... Removed 29 stack frames]]>
    </failure>
  </testcase> <!-- createOrganisationWithIndustryTest -->
  <testcase classname="vtiger.organisationtest.CreateOgrWithIndustryTest" name="createOrganisationWithIndustryTest" time="7.462">
    <failure type="java.lang.AssertionError" message="null">
      <![CDATA[java.lang.AssertionError: null
at vtiger.organisationtest.CreateOgrWithIndustryTest.createOrganisationWithIndustryTest(CreateOgrWithIndustryTest.java:42)
at java.base/java.util.ArrayList.forEach(ArrayList.java:1511)
... Removed 29 stack frames]]>
    </failure>
  </testcase> <!-- createOrganisationWithIndustryTest -->
  <testcase classname="vtiger.organisationtest.CreateOgrWithIndustryTest" name="createOrganisationWithIndustryTest" time="7.799">
    <failure type="java.lang.AssertionError" message="null">
      <![CDATA[java.lang.AssertionError: null
at vtiger.organisationtest.CreateOgrWithIndustryTest.createOrganisationWithIndustryTest(CreateOgrWithIndustryTest.java:42)
at java.base/java.util.ArrayList.forEach(ArrayList.java:1511)
... Removed 29 stack frames]]>
    </failure>
  </testcase> <!-- createOrganisationWithIndustryTest -->
  <testcase classname="vtiger.organisationtest.CreateOgrWithIndustryTest" name="createOrganisationWithIndustryTest" time="7.409">
    <failure type="java.lang.AssertionError" message="null">
      <![CDATA[java.lang.AssertionError: null
at vtiger.organisationtest.CreateOgrWithIndustryTest.createOrganisationWithIndustryTest(CreateOgrWithIndustryTest.java:42)
at java.base/java.util.ArrayList.forEach(ArrayList.java:1511)
... Removed 29 stack frames]]>
    </failure>
  </testcase> <!-- createOrganisationWithIndustryTest -->
</testsuite> <!-- Test -->
