<?xml version="1.0" encoding="UTF-8"?>
<testng-results ignored="0" total="1" passed="1" failed="0" skipped="0">
  <reporter-output>
  </reporter-output>
  <suite started-at="2023-06-13T00:23:49 IST" name="Default suite" finished-at="2023-06-13T00:23:49 IST" duration-ms="86">
    <groups>
    </groups>
    <test started-at="2023-06-13T00:23:49 IST" name="Default test" finished-at="2023-06-13T00:23:49 IST" duration-ms="86">
      <class name="VTigerPractice.ReadDataFromCMDLine">
        <test-method signature="read()[pri:0, instance:VTigerPractice.ReadDataFromCMDLine@436813f3]" started-at="2023-06-13T00:23:49 IST" name="read" finished-at="2023-06-13T00:23:49 IST" duration-ms="14" status="PASS">
          <reporter-output>
          </reporter-output>
        </test-method> <!-- read -->
      </class> <!-- VTigerPractice.ReadDataFromCMDLine -->
    </test> <!-- Default test -->
  </suite> <!-- Default suite -->
</testng-results>
